---------------------------------------------------------------
[ 2018-09-02T16:21:36+08:00 ] 127.0.0.1 GET /
[ info ] gzh.com/ [运行时间：0.109200s][吞吐率：9.16req/s] [内存消耗：2,333.68kb] [文件加载：66]
[ info ] [ CACHE ] INIT File
[ info ] [ BEHAVIOR ] Run cmf\behavior\InitHookBehavior @app_init [ RunTime:0.000000s ]
[ info ] [ LANG ] F:\myapp\wxgzh\simplewind\thinkphp\lang\zh-cn.php
[ info ] [ ROUTE ] array (
  'type' => 'module',
  'module' => 
  array (
    0 => '',
    1 => NULL,
    2 => NULL,
  ),
)
[ info ] [ HEADER ] array (
  'upgrade-insecure-requests' => '1',
  'connection' => 'keep-alive',
  'cookie' => 'admin_username=admin',
  'accept-encoding' => 'gzip, deflate',
  'accept-language' => 'zh-CN,zh;q=0.8,zh-TW;q=0.7,zh-HK;q=0.5,en-US;q=0.3,en;q=0.2',
  'accept' => 'text/html,application/xhtml+xml,application/xml;q=0.9,*/*;q=0.8',
  'user-agent' => 'Mozilla/5.0 (Windows NT 6.1; WOW64; rv:61.0) Gecko/20100101 Firefox/61.0',
  'host' => 'gzh.com',
  'content-length' => '',
  'content-type' => '',
)
[ info ] [ PARAM ] array (
)
[ info ] [ LANG ] F:\myapp\wxgzh/simplewind/cmf/lang\zh-cn.php
[ info ] [ LANG ] F:\myapp\wxgzh/app/admin\lang\zh-cn\common.php
[ info ] [ BEHAVIOR ] Run cmf\behavior\LangBehavior @app_begin [ RunTime:0.000000s ]
[ info ] [ LANG ] F:\myapp\wxgzh/app/admin\lang\zh-cn.php
[ info ] [ DB ] INIT mysql
[ info ] [ SESSION ] INIT array (
  'id' => '',
  'var_session_id' => '',
  'prefix' => 'think',
  'type' => '',
  'auto_start' => true,
)
[ info ] [ LANG ] F:\myapp\wxgzh/app/admin\lang\zh-cn\admin_menu.php
[ info ] [ LANG ] F:\myapp\wxgzh/app/admin\lang\zh-cn\admin.php
[ info ] [ LANG ] F:\myapp\wxgzh/app/user\lang\zh-cn\admin_menu.php
[ info ] [ LANG ] F:\myapp\wxgzh/data/lang/zh-cn/admin_menu.php
[ info ] [ BEHAVIOR ] Run cmf\behavior\AdminLangBehavior @admin_init [ RunTime:0.000000s ]
[ info ] [ LOG ] INIT File
[ sql ] [ DB ] CONNECT:[ UseTime:0.000000s ] mysql:host=127.0.0.1;port=3306;dbname=thinkcmf5;charset=utf8mb4
[ sql ] [ SQL ] SHOW COLUMNS FROM `cmf_option` [ RunTime:0.031200s ]
[ sql ] [ SQL ] SELECT `option_value` FROM `cmf_option` WHERE  `option_name` = 'cdn_settings' LIMIT 1 [ RunTime:0.000000s ]
[ sql ] [ SQL ] SELECT `option_value` FROM `cmf_option` WHERE  `option_name` = 'admin_settings' LIMIT 1 [ RunTime:0.000000s ]
---------------------------------------------------------------
[ 2018-09-02T16:21:36+08:00 ] 127.0.0.1 GET /admin/public/login.html
[ info ] gzh.com/admin/public/login.html [运行时间：0.140400s][吞吐率：7.12req/s] [内存消耗：2,543.52kb] [文件加载：68]
[ info ] [ CACHE ] INIT File
[ info ] [ BEHAVIOR ] Run cmf\behavior\InitHookBehavior @app_init [ RunTime:0.000000s ]
[ info ] [ LANG ] F:\myapp\wxgzh\simplewind\thinkphp\lang\zh-cn.php
[ info ] [ ROUTE ] array (
  'type' => 'module',
  'module' => 
  array (
    0 => 'admin',
    1 => 'public',
    2 => 'login',
  ),
)
[ info ] [ HEADER ] array (
  'upgrade-insecure-requests' => '1',
  'connection' => 'keep-alive',
  'cookie' => 'admin_username=admin; PHPSESSID=tfa5r97f4sr0j2g7tkmiunh0a6',
  'accept-encoding' => 'gzip, deflate',
  'accept-language' => 'zh-CN,zh;q=0.8,zh-TW;q=0.7,zh-HK;q=0.5,en-US;q=0.3,en;q=0.2',
  'accept' => 'text/html,application/xhtml+xml,application/xml;q=0.9,*/*;q=0.8',
  'user-agent' => 'Mozilla/5.0 (Windows NT 6.1; WOW64; rv:61.0) Gecko/20100101 Firefox/61.0',
  'host' => 'gzh.com',
  'content-length' => '',
  'content-type' => '',
)
[ info ] [ PARAM ] array (
)
[ info ] [ LANG ] F:\myapp\wxgzh/simplewind/cmf/lang\zh-cn.php
[ info ] [ LANG ] F:\myapp\wxgzh/app/admin\lang\zh-cn\common.php
[ info ] [ BEHAVIOR ] Run cmf\behavior\LangBehavior @app_begin [ RunTime:0.000000s ]
[ info ] [ LANG ] F:\myapp\wxgzh/app/admin\lang\zh-cn.php
[ info ] [ DB ] INIT mysql
[ info ] [ RUN ] app\admin\controller\PublicController->login[ F:\myapp\wxgzh\app\admin\controller\PublicController.php ]
[ info ] [ SESSION ] INIT array (
  'id' => '',
  'var_session_id' => '',
  'prefix' => 'think',
  'type' => '',
  'auto_start' => true,
)
[ info ] [ VIEW ] app/view/admin/admin\\login.html [ array (
) ]
[ info ] [ LOG ] INIT File
[ sql ] [ DB ] CONNECT:[ UseTime:0.000000s ] mysql:host=127.0.0.1;port=3306;dbname=thinkcmf5;charset=utf8mb4
[ sql ] [ SQL ] SHOW COLUMNS FROM `cmf_option` [ RunTime:0.015600s ]
[ sql ] [ SQL ] SELECT `option_value` FROM `cmf_option` WHERE  `option_name` = 'cdn_settings' LIMIT 1 [ RunTime:0.000000s ]
[ sql ] [ SQL ] SELECT `option_value` FROM `cmf_option` WHERE  `option_name` = 'admin_settings' LIMIT 1 [ RunTime:0.000000s ]
[ sql ] [ SQL ] SELECT `option_value` FROM `cmf_option` WHERE  `option_name` = 'admin_settings' LIMIT 1 [ RunTime:0.000000s ]
---------------------------------------------------------------
[ 2018-09-02T16:21:36+08:00 ] 127.0.0.1 GET /captcha/new.html?height=32&width=150&font_size=18
[ info ] gzh.com/captcha/new.html?height=32&width=150&font_size=18 [运行时间：0.171600s][吞吐率：5.83req/s] [内存消耗：1,469.72kb] [文件加载：47]
[ info ] [ CACHE ] INIT File
[ info ] [ BEHAVIOR ] Run cmf\behavior\InitHookBehavior @app_init [ RunTime:0.000000s ]
[ info ] [ LANG ] F:\myapp\wxgzh\simplewind\thinkphp\lang\zh-cn.php
[ info ] [ ROUTE ] array (
  'type' => 'method',
  'method' => 
  array (
    0 => '\\cmf\\controller\\CaptchaController',
    1 => 'index',
  ),
  'var' => 
  array (
  ),
)
[ info ] [ HEADER ] array (
  'connection' => 'keep-alive',
  'cookie' => 'admin_username=admin; PHPSESSID=tfa5r97f4sr0j2g7tkmiunh0a6',
  'referer' => 'http://gzh.com/admin/public/login.html',
  'accept-encoding' => 'gzip, deflate',
  'accept-language' => 'zh-CN,zh;q=0.8,zh-TW;q=0.7,zh-HK;q=0.5,en-US;q=0.3,en;q=0.2',
  'accept' => '*/*',
  'user-agent' => 'Mozilla/5.0 (Windows NT 6.1; WOW64; rv:61.0) Gecko/20100101 Firefox/61.0',
  'host' => 'gzh.com',
  'content-length' => '',
  'content-type' => '',
)
[ info ] [ PARAM ] array (
  'height' => '32',
  'width' => '150',
  'font_size' => '18',
)
[ info ] [ LANG ] F:\myapp\wxgzh/simplewind/cmf/lang\zh-cn.php
[ info ] [ LANG ] F:\myapp\wxgzh/app/admin\lang\zh-cn\common.php
[ info ] [ BEHAVIOR ] Run cmf\behavior\LangBehavior @app_begin [ RunTime:0.000000s ]
[ info ] [ RUN ] cmf\controller\CaptchaController->index[ F:\myapp\wxgzh\simplewind\cmf\controller\CaptchaController.php ]
[ info ] [ SESSION ] INIT array (
  'id' => '',
  'var_session_id' => '',
  'prefix' => 'think',
  'type' => '',
  'auto_start' => true,
)
[ info ] [ LOG ] INIT File
---------------------------------------------------------------
[ 2018-09-02T16:21:36+08:00 ] 127.0.0.1 GET /favicon.ico
[ info ] gzh.com/favicon.ico [运行时间：0.062400s][吞吐率：16.03req/s] [内存消耗：1,451.30kb] [文件加载：50]
[ info ] [ CACHE ] INIT File
[ info ] [ BEHAVIOR ] Run cmf\behavior\InitHookBehavior @app_init [ RunTime:0.015600s ]
[ info ] [ LANG ] F:\myapp\wxgzh\simplewind\thinkphp\lang\zh-cn.php
[ info ] [ ROUTE ] array (
  'type' => 'module',
  'module' => 
  array (
    0 => 'favicon.ico',
    1 => NULL,
    2 => NULL,
  ),
)
[ info ] [ HEADER ] array (
  'connection' => 'keep-alive',
  'cookie' => 'admin_username=admin; PHPSESSID=tfa5r97f4sr0j2g7tkmiunh0a6',
  'accept-encoding' => 'gzip, deflate',
  'accept-language' => 'zh-CN,zh;q=0.8,zh-TW;q=0.7,zh-HK;q=0.5,en-US;q=0.3,en;q=0.2',
  'accept' => 'text/html,application/xhtml+xml,application/xml;q=0.9,*/*;q=0.8',
  'user-agent' => 'Mozilla/5.0 (Windows NT 6.1; WOW64; rv:61.0) Gecko/20100101 Firefox/61.0',
  'host' => 'gzh.com',
  'content-length' => '',
  'content-type' => '',
)
[ info ] [ PARAM ] array (
)
[ info ] [ LANG ] F:\myapp\wxgzh/simplewind/cmf/lang\zh-cn.php
[ info ] [ LANG ] F:\myapp\wxgzh/app/admin\lang\zh-cn\common.php
[ info ] [ BEHAVIOR ] Run cmf\behavior\LangBehavior @app_begin [ RunTime:0.000000s ]
[ info ] [ LOG ] INIT File
---------------------------------------------------------------
[ 2018-09-02T16:21:50+08:00 ] 127.0.0.1 POST /admin/public/dologin.html
[ info ] gzh.com/admin/public/dologin.html [运行时间：0.234000s][吞吐率：4.27req/s] [内存消耗：2,451.11kb] [文件加载：66]
[ info ] [ CACHE ] INIT File
[ info ] [ BEHAVIOR ] Run cmf\behavior\InitHookBehavior @app_init [ RunTime:0.015600s ]
[ info ] [ LANG ] F:\myapp\wxgzh\simplewind\thinkphp\lang\zh-cn.php
[ info ] [ ROUTE ] array (
  'type' => 'module',
  'module' => 
  array (
    0 => 'admin',
    1 => 'public',
    2 => 'dologin',
  ),
)
[ info ] [ HEADER ] array (
  'connection' => 'keep-alive',
  'cookie' => 'thinkphp_show_page_trace=0|0; admin_username=admin; PHPSESSID=tfa5r97f4sr0j2g7tkmiunh0a6',
  'content-length' => '66',
  'x-requested-with' => 'XMLHttpRequest',
  'content-type' => 'application/x-www-form-urlencoded; charset=UTF-8',
  'referer' => 'http://gzh.com/admin/public/login.html',
  'accept-encoding' => 'gzip, deflate',
  'accept-language' => 'zh-CN,zh;q=0.8,zh-TW;q=0.7,zh-HK;q=0.5,en-US;q=0.3,en;q=0.2',
  'accept' => 'application/json, text/javascript, */*; q=0.01',
  'user-agent' => 'Mozilla/5.0 (Windows NT 6.1; WOW64; rv:61.0) Gecko/20100101 Firefox/61.0',
  'host' => 'gzh.com',
)
[ info ] [ PARAM ] array (
  'username' => 'admin',
  'password' => '123456',
  'captcha' => '55h8',
  '_captcha_id' => '',
  'redirect' => '',
)
[ info ] [ LANG ] F:\myapp\wxgzh/simplewind/cmf/lang\zh-cn.php
[ info ] [ LANG ] F:\myapp\wxgzh/app/admin\lang\zh-cn\common.php
[ info ] [ BEHAVIOR ] Run cmf\behavior\LangBehavior @app_begin [ RunTime:0.000000s ]
[ info ] [ LANG ] F:\myapp\wxgzh/app/admin\lang\zh-cn.php
[ info ] [ DB ] INIT mysql
[ info ] [ RUN ] app\admin\controller\PublicController->doLogin[ F:\myapp\wxgzh\app\admin\controller\PublicController.php ]
[ info ] [ SESSION ] INIT array (
  'id' => '',
  'var_session_id' => '',
  'prefix' => 'think',
  'type' => '',
  'auto_start' => true,
)
[ info ] [ LOG ] INIT File
[ sql ] [ DB ] CONNECT:[ UseTime:0.000000s ] mysql:host=127.0.0.1;port=3306;dbname=thinkcmf5;charset=utf8mb4
[ sql ] [ SQL ] SHOW COLUMNS FROM `cmf_option` [ RunTime:0.015600s ]
[ sql ] [ SQL ] SELECT `option_value` FROM `cmf_option` WHERE  `option_name` = 'cdn_settings' LIMIT 1 [ RunTime:0.000000s ]
[ sql ] [ SQL ] SHOW COLUMNS FROM `cmf_user` [ RunTime:0.046800s ]
[ sql ] [ SQL ] SELECT * FROM `cmf_user` WHERE  `user_login` = 'admin' LIMIT 1 [ RunTime:0.000000s ]
[ sql ] [ SQL ] SHOW COLUMNS FROM `cmf_role_user` [ RunTime:0.031200s ]
[ sql ] [ SQL ] SELECT `role_id` FROM `cmf_role_user` `a` INNER JOIN `cmf_role` `b` ON `a`.`role_id`=`b`.`id` WHERE  `user_id` = 1  AND `status` = 1 LIMIT 1 [ RunTime:0.015600s ]
[ sql ] [ SQL ] SHOW COLUMNS FROM `cmf_user_token` [ RunTime:0.031200s ]
[ sql ] [ SQL ] SELECT * FROM `cmf_user_token` WHERE  `user_id` = 1  AND `device_type` = 'web' LIMIT 1 [ RunTime:0.000000s ]
[ sql ] [ SQL ] UPDATE `cmf_user`  SET `user_type`=1,`sex`=0,`birthday`=0,`last_login_time`=1535876510,`score`=0,`coin`=0,`balance`=0,`create_time`=1535523569,`user_status`=1,`user_login`='admin',`user_pass`='###d26d69c5f4ab5d8b172bb5b3201ca5b0',`user_nickname`='admin',`user_email`='285421496@qq.com',`user_url`='',`avatar`='',`signature`='',`last_login_ip`='127.0.0.1',`user_activation_key`='',`mobile`='',`more`=NULL  WHERE  `id` = 1 [ RunTime:0.015600s ]
---------------------------------------------------------------
[ 2018-09-02T16:21:52+08:00 ] 127.0.0.1 GET /admin/index/index.html
[ info ] gzh.com/admin/index/index.html [运行时间：0.171601s][吞吐率：5.83req/s] [内存消耗：2,915.02kb] [文件加载：75]
[ info ] [ CACHE ] INIT File
[ info ] [ BEHAVIOR ] Run cmf\behavior\InitHookBehavior @app_init [ RunTime:0.000000s ]
[ info ] [ LANG ] F:\myapp\wxgzh\simplewind\thinkphp\lang\zh-cn.php
[ info ] [ ROUTE ] array (
  'type' => 'module',
  'module' => 
  array (
    0 => 'admin',
    1 => 'index',
    2 => 'index',
  ),
)
[ info ] [ HEADER ] array (
  'upgrade-insecure-requests' => '1',
  'connection' => 'keep-alive',
  'cookie' => 'admin_username=admin; PHPSESSID=tfa5r97f4sr0j2g7tkmiunh0a6',
  'referer' => 'http://gzh.com/admin/public/login.html',
  'accept-encoding' => 'gzip, deflate',
  'accept-language' => 'zh-CN,zh;q=0.8,zh-TW;q=0.7,zh-HK;q=0.5,en-US;q=0.3,en;q=0.2',
  'accept' => 'text/html,application/xhtml+xml,application/xml;q=0.9,*/*;q=0.8',
  'user-agent' => 'Mozilla/5.0 (Windows NT 6.1; WOW64; rv:61.0) Gecko/20100101 Firefox/61.0',
  'host' => 'gzh.com',
  'content-length' => '',
  'content-type' => '',
)
[ info ] [ PARAM ] array (
)
[ info ] [ LANG ] F:\myapp\wxgzh/simplewind/cmf/lang\zh-cn.php
[ info ] [ LANG ] F:\myapp\wxgzh/app/admin\lang\zh-cn\common.php
[ info ] [ BEHAVIOR ] Run cmf\behavior\LangBehavior @app_begin [ RunTime:0.000000s ]
[ info ] [ LANG ] F:\myapp\wxgzh/app/admin\lang\zh-cn.php
[ info ] [ DB ] INIT mysql
[ info ] [ SESSION ] INIT array (
  'id' => '',
  'var_session_id' => '',
  'prefix' => 'think',
  'type' => '',
  'auto_start' => true,
)
[ info ] [ LANG ] F:\myapp\wxgzh/app/admin\lang\zh-cn\admin_menu.php
[ info ] [ LANG ] F:\myapp\wxgzh/app/admin\lang\zh-cn\admin.php
[ info ] [ LANG ] F:\myapp\wxgzh/app/user\lang\zh-cn\admin_menu.php
[ info ] [ LANG ] F:\myapp\wxgzh/data/lang/zh-cn/admin_menu.php
[ info ] [ BEHAVIOR ] Run cmf\behavior\AdminLangBehavior @admin_init [ RunTime:0.000000s ]
[ info ] [ RUN ] app\admin\controller\IndexController->index[ F:\myapp\wxgzh\app\admin\controller\IndexController.php ]
[ info ] [ VIEW ] app/view/admin/admin\index\index.html [ array (
  0 => 'admin',
  1 => 'menus',
  2 => 'menus_js_var',
) ]
[ info ] [ LOG ] INIT File
[ sql ] [ DB ] CONNECT:[ UseTime:0.000000s ] mysql:host=127.0.0.1;port=3306;dbname=thinkcmf5;charset=utf8mb4
[ sql ] [ SQL ] SHOW COLUMNS FROM `cmf_option` [ RunTime:0.015600s ]
[ sql ] [ SQL ] SELECT `option_value` FROM `cmf_option` WHERE  `option_name` = 'cdn_settings' LIMIT 1 [ RunTime:0.000000s ]
[ sql ] [ SQL ] SELECT `option_value` FROM `cmf_option` WHERE  `option_name` = 'admin_settings' LIMIT 1 [ RunTime:0.000000s ]
[ sql ] [ SQL ] SHOW COLUMNS FROM `cmf_user` [ RunTime:0.015600s ]
[ sql ] [ SQL ] SELECT * FROM `cmf_user` WHERE  `id` = 1 LIMIT 1 [ RunTime:0.000000s ]
[ sql ] [ SQL ] SHOW COLUMNS FROM `cmf_admin_menu` [ RunTime:0.015600s ]
[ sql ] [ SQL ] SELECT * FROM `cmf_admin_menu` ORDER BY `app` ASC,`controller` ASC,`action` ASC [ RunTime:0.000000s ]
[ sql ] [ SQL ] SELECT `option_value` FROM `cmf_option` WHERE  `option_name` = 'admin_settings' LIMIT 1 [ RunTime:0.000000s ]
[ sql ] [ SQL ] SELECT `option_value` FROM `cmf_option` WHERE  `option_name` = 'admin_settings' LIMIT 1 [ RunTime:0.000000s ]
---------------------------------------------------------------
[ 2018-09-02T16:21:52+08:00 ] 127.0.0.1 GET /admin/main/index.html
[ info ] gzh.com/admin/main/index.html [运行时间：0.124800s][吞吐率：8.01req/s] [内存消耗：2,610.35kb] [文件加载：73]
[ info ] [ CACHE ] INIT File
[ info ] [ BEHAVIOR ] Run cmf\behavior\InitHookBehavior @app_init [ RunTime:0.000000s ]
[ info ] [ LANG ] F:\myapp\wxgzh\simplewind\thinkphp\lang\zh-cn.php
[ info ] [ ROUTE ] array (
  'type' => 'module',
  'module' => 
  array (
    0 => 'admin',
    1 => 'main',
    2 => 'index',
  ),
)
[ info ] [ HEADER ] array (
  'upgrade-insecure-requests' => '1',
  'connection' => 'keep-alive',
  'cookie' => 'admin_username=admin; PHPSESSID=tfa5r97f4sr0j2g7tkmiunh0a6',
  'referer' => 'http://gzh.com/admin/index/index.html',
  'accept-encoding' => 'gzip, deflate',
  'accept-language' => 'zh-CN,zh;q=0.8,zh-TW;q=0.7,zh-HK;q=0.5,en-US;q=0.3,en;q=0.2',
  'accept' => 'text/html,application/xhtml+xml,application/xml;q=0.9,*/*;q=0.8',
  'user-agent' => 'Mozilla/5.0 (Windows NT 6.1; WOW64; rv:61.0) Gecko/20100101 Firefox/61.0',
  'host' => 'gzh.com',
  'content-length' => '',
  'content-type' => '',
)
[ info ] [ PARAM ] array (
)
[ info ] [ LANG ] F:\myapp\wxgzh/simplewind/cmf/lang\zh-cn.php
[ info ] [ LANG ] F:\myapp\wxgzh/app/admin\lang\zh-cn\common.php
[ info ] [ BEHAVIOR ] Run cmf\behavior\LangBehavior @app_begin [ RunTime:0.000000s ]
[ info ] [ LANG ] F:\myapp\wxgzh/app/admin\lang\zh-cn.php
[ info ] [ DB ] INIT mysql
[ info ] [ LANG ] F:\myapp\wxgzh/app/admin\lang\zh-cn\admin_menu.php
[ info ] [ LANG ] F:\myapp\wxgzh/app/admin\lang\zh-cn\admin.php
[ info ] [ LANG ] F:\myapp\wxgzh/app/user\lang\zh-cn\admin_menu.php
[ info ] [ LANG ] F:\myapp\wxgzh/data/lang/zh-cn/admin_menu.php
[ info ] [ BEHAVIOR ] Run cmf\behavior\AdminLangBehavior @admin_init [ RunTime:0.000000s ]
[ info ] [ SESSION ] INIT array (
  'id' => '',
  'var_session_id' => '',
  'prefix' => 'think',
  'type' => '',
  'auto_start' => true,
)
[ info ] [ RUN ] app\admin\controller\MainController->index[ F:\myapp\wxgzh\app\admin\controller\MainController.php ]
[ info ] [ VIEW ] app/view/admin/admin\main\index.html [ array (
  0 => 'admin',
  1 => 'dashboard_widgets',
  2 => 'dashboard_widget_plugins',
  3 => 'has_smtp_setting',
) ]
[ info ] [ LOG ] INIT File
[ sql ] [ DB ] CONNECT:[ UseTime:0.015600s ] mysql:host=127.0.0.1;port=3306;dbname=thinkcmf5;charset=utf8mb4
[ sql ] [ SQL ] SHOW COLUMNS FROM `cmf_option` [ RunTime:0.000000s ]
[ sql ] [ SQL ] SELECT `option_value` FROM `cmf_option` WHERE  `option_name` = 'cdn_settings' LIMIT 1 [ RunTime:0.000000s ]
[ sql ] [ SQL ] SHOW COLUMNS FROM `cmf_user` [ RunTime:0.000000s ]
[ sql ] [ SQL ] SELECT * FROM `cmf_user` WHERE  `id` = 1 LIMIT 1 [ RunTime:0.000000s ]
[ sql ] [ SQL ] SELECT `option_value` FROM `cmf_option` WHERE  `option_name` = 'admin_dashboard_widgets' LIMIT 1 [ RunTime:0.000000s ]
[ sql ] [ SQL ] SELECT `option_value` FROM `cmf_option` WHERE  `option_name` = 'smtp_setting' LIMIT 1 [ RunTime:0.000000s ]
[ sql ] [ SQL ] SELECT `option_value` FROM `cmf_option` WHERE  `option_name` = 'admin_settings' LIMIT 1 [ RunTime:0.000000s ]
---------------------------------------------------------------
[ 2018-09-02T16:22:02+08:00 ] 127.0.0.1 GET /admin/setting/clearcache.html
[ info ] gzh.com/admin/setting/clearcache.html [运行时间：0.218401s][吞吐率：4.58req/s] [内存消耗：2,588.27kb] [文件加载：73]
[ info ] [ CACHE ] INIT File
[ info ] [ BEHAVIOR ] Run cmf\behavior\InitHookBehavior @app_init [ RunTime:0.000000s ]
[ info ] [ LANG ] F:\myapp\wxgzh\simplewind\thinkphp\lang\zh-cn.php
[ info ] [ ROUTE ] array (
  'type' => 'module',
  'module' => 
  array (
    0 => 'admin',
    1 => 'setting',
    2 => 'clearcache',
  ),
)
[ info ] [ HEADER ] array (
  'upgrade-insecure-requests' => '1',
  'connection' => 'keep-alive',
  'cookie' => 'admin_username=admin; PHPSESSID=tfa5r97f4sr0j2g7tkmiunh0a6',
  'referer' => 'http://gzh.com/admin/index/index.html',
  'accept-encoding' => 'gzip, deflate',
  'accept-language' => 'zh-CN,zh;q=0.8,zh-TW;q=0.7,zh-HK;q=0.5,en-US;q=0.3,en;q=0.2',
  'accept' => 'text/html,application/xhtml+xml,application/xml;q=0.9,*/*;q=0.8',
  'user-agent' => 'Mozilla/5.0 (Windows NT 6.1; WOW64; rv:61.0) Gecko/20100101 Firefox/61.0',
  'host' => 'gzh.com',
  'content-length' => '',
  'content-type' => '',
)
[ info ] [ PARAM ] array (
)
[ info ] [ LANG ] F:\myapp\wxgzh/simplewind/cmf/lang\zh-cn.php
[ info ] [ LANG ] F:\myapp\wxgzh/app/admin\lang\zh-cn\common.php
[ info ] [ BEHAVIOR ] Run cmf\behavior\LangBehavior @app_begin [ RunTime:0.000000s ]
[ info ] [ LANG ] F:\myapp\wxgzh/app/admin\lang\zh-cn.php
[ info ] [ DB ] INIT mysql
[ info ] [ LANG ] F:\myapp\wxgzh/app/admin\lang\zh-cn\admin_menu.php
[ info ] [ LANG ] F:\myapp\wxgzh/app/admin\lang\zh-cn\admin.php
[ info ] [ LANG ] F:\myapp\wxgzh/app/user\lang\zh-cn\admin_menu.php
[ info ] [ LANG ] F:\myapp\wxgzh/data/lang/zh-cn/admin_menu.php
[ info ] [ BEHAVIOR ] Run cmf\behavior\AdminLangBehavior @admin_init [ RunTime:0.000000s ]
[ info ] [ SESSION ] INIT array (
  'id' => '',
  'var_session_id' => '',
  'prefix' => 'think',
  'type' => '',
  'auto_start' => true,
)
[ info ] [ RUN ] app\admin\controller\SettingController->clearCache[ F:\myapp\wxgzh\app\admin\controller\SettingController.php ]
[ info ] [ VIEW ] app/view/admin/admin\setting\clear_cache.html [ array (
  0 => 'admin',
) ]
[ info ] [ LOG ] INIT File
[ sql ] [ DB ] CONNECT:[ UseTime:0.000000s ] mysql:host=127.0.0.1;port=3306;dbname=thinkcmf5;charset=utf8mb4
[ sql ] [ SQL ] SHOW COLUMNS FROM `cmf_option` [ RunTime:0.000000s ]
[ sql ] [ SQL ] SELECT `option_value` FROM `cmf_option` WHERE  `option_name` = 'cdn_settings' LIMIT 1 [ RunTime:0.000000s ]
[ sql ] [ SQL ] SHOW COLUMNS FROM `cmf_user` [ RunTime:0.015601s ]
[ sql ] [ SQL ] SELECT * FROM `cmf_user` WHERE  `id` = 1 LIMIT 1 [ RunTime:0.000000s ]
[ sql ] [ SQL ] SELECT `option_value` FROM `cmf_option` WHERE  `option_name` = 'admin_settings' LIMIT 1 [ RunTime:0.000000s ]
---------------------------------------------------------------
[ 2018-09-02T16:22:08+08:00 ] 127.0.0.1 GET /user/admin_asset/index.html
[ info ] gzh.com/user/admin_asset/index.html [运行时间：0.218400s][吞吐率：4.58req/s] [内存消耗：2,639.95kb] [文件加载：76]
[ info ] [ CACHE ] INIT File
[ info ] [ DB ] INIT mysql
[ info ] [ BEHAVIOR ] Run cmf\behavior\InitHookBehavior @app_init [ RunTime:0.062400s ]
[ info ] [ LANG ] F:\myapp\wxgzh\simplewind\thinkphp\lang\zh-cn.php
[ info ] [ ROUTE ] array (
  'type' => 'module',
  'module' => 
  array (
    0 => 'user',
    1 => 'admin_asset',
    2 => 'index',
  ),
)
[ info ] [ HEADER ] array (
  'upgrade-insecure-requests' => '1',
  'connection' => 'keep-alive',
  'cookie' => 'admin_username=admin; PHPSESSID=tfa5r97f4sr0j2g7tkmiunh0a6',
  'referer' => 'http://gzh.com/admin/index/index.html',
  'accept-encoding' => 'gzip, deflate',
  'accept-language' => 'zh-CN,zh;q=0.8,zh-TW;q=0.7,zh-HK;q=0.5,en-US;q=0.3,en;q=0.2',
  'accept' => 'text/html,application/xhtml+xml,application/xml;q=0.9,*/*;q=0.8',
  'user-agent' => 'Mozilla/5.0 (Windows NT 6.1; WOW64; rv:61.0) Gecko/20100101 Firefox/61.0',
  'host' => 'gzh.com',
  'content-length' => '',
  'content-type' => '',
)
[ info ] [ PARAM ] array (
)
[ info ] [ LANG ] F:\myapp\wxgzh/simplewind/cmf/lang\zh-cn.php
[ info ] [ LANG ] F:\myapp\wxgzh/app/admin\lang\zh-cn\common.php
[ info ] [ BEHAVIOR ] Run cmf\behavior\LangBehavior @app_begin [ RunTime:0.000000s ]
[ info ] [ LANG ] F:\myapp\wxgzh/app/user\lang\zh-cn.php
[ info ] [ LANG ] F:\myapp\wxgzh/app/admin\lang\zh-cn\admin_menu.php
[ info ] [ LANG ] F:\myapp\wxgzh/app/admin\lang\zh-cn\admin.php
[ info ] [ LANG ] F:\myapp\wxgzh/app/user\lang\zh-cn\admin_menu.php
[ info ] [ LANG ] F:\myapp\wxgzh/data/lang/zh-cn/admin_menu.php
[ info ] [ BEHAVIOR ] Run cmf\behavior\AdminLangBehavior @admin_init [ RunTime:0.000000s ]
[ info ] [ SESSION ] INIT array (
  'id' => '',
  'var_session_id' => '',
  'prefix' => 'think',
  'type' => '',
  'auto_start' => true,
)
[ info ] [ RUN ] app\user\controller\AdminAssetController->index[ F:\myapp\wxgzh\app\user\controller\AdminAssetController.php ]
[ info ] [ VIEW ] app/view/admin/user\admin_asset\index.html [ array (
  0 => 'admin',
  1 => 'assets',
  2 => 'page',
) ]
[ info ] [ LOG ] INIT File
[ sql ] [ DB ] CONNECT:[ UseTime:0.000000s ] mysql:host=127.0.0.1;port=3306;dbname=thinkcmf5;charset=utf8mb4
[ sql ] [ SQL ] SHOW COLUMNS FROM `cmf_hook_plugin` [ RunTime:0.031200s ]
[ sql ] [ SQL ] SELECT `hook`,`plugin` FROM `cmf_hook_plugin` WHERE  `status` = 1 ORDER BY `list_order` ASC [ RunTime:0.000000s ]
[ sql ] [ SQL ] SHOW COLUMNS FROM `cmf_option` [ RunTime:0.015600s ]
[ sql ] [ SQL ] SELECT `option_value` FROM `cmf_option` WHERE  `option_name` = 'cdn_settings' LIMIT 1 [ RunTime:0.000000s ]
[ sql ] [ SQL ] SHOW COLUMNS FROM `cmf_user` [ RunTime:0.015600s ]
[ sql ] [ SQL ] SELECT * FROM `cmf_user` WHERE  `id` = 1 LIMIT 1 [ RunTime:0.000000s ]
[ sql ] [ SQL ] SHOW COLUMNS FROM `cmf_asset` [ RunTime:0.031200s ]
[ sql ] [ SQL ] SELECT COUNT(*) AS tp_count FROM `cmf_asset` `a` INNER JOIN `cmf_user` `u` ON `a`.`user_id`=`u`.`id` LIMIT 1 [ RunTime:0.000000s ]
[ sql ] [ SQL ] SELECT `a`.*,`u`.`user_login`,`u`.`user_email`,`u`.`user_nickname` FROM `cmf_asset` `a` INNER JOIN `cmf_user` `u` ON `a`.`user_id`=`u`.`id` ORDER BY `create_time` DESC LIMIT 0,10 [ RunTime:0.000000s ]
[ sql ] [ SQL ] SELECT `option_value` FROM `cmf_option` WHERE  `option_name` = 'admin_settings' LIMIT 1 [ RunTime:0.000000s ]
